<?xml version="1.0" encoding="UTF-8"?>
<!-- Generated by org.testng.reporters.JUnitXMLReporter -->
<testsuite ignored="5" hostname="CC-LT001062" failures="0" tests="1" name="Default test" time="10.996" errors="0" timestamp="2024-01-23T11:27:43 IST">
  <testcase classname="testCases.RegistrationTest" name="Registration_NewUsers" time="6.958"/>
  <testcase classname="testCases.RegistrationTest" name="Registration_With_Existing_Email" time="0.0">
    <ignored/>
  </testcase> <!-- Registration_With_Existing_Email -->
  <testcase classname="testCases.RegistrationTest" name="Registration_PrivacyPolicy_checkbox_option_Selected" time="0.0">
    <ignored/>
  </testcase> <!-- Registration_PrivacyPolicy_checkbox_option_Selected -->
  <testcase classname="testCases.RegistrationTest" name="testFieldRedColorSymbols" time="0.0">
    <ignored/>
  </testcase> <!-- testFieldRedColorSymbols -->
  <testcase classname="testCases.RegistrationTest" name="Registration_Without_AnyField" time="0.0">
    <ignored/>
  </testcase> <!-- Registration_Without_AnyField -->
  <testcase classname="testCases.RegistrationTest" name="Registration_Valid_NewUsers" time="0.0">
    <ignored/>
  </testcase> <!-- Registration_Valid_NewUsers -->
</testsuite> <!-- Default test -->
