<?xml version="1.0" encoding="UTF-8"?>
<!-- Generated by org.testng.reporters.JUnitXMLReporter -->
<testsuite ignored="0" hostname="CC-LT001062" failures="0" tests="4" name="Default test" time="23.632" errors="0" timestamp="2024-01-19T17:04:25 IST">
  <testcase classname="testCases.RegistrationTest" name="RegistrationWithValidCredential" time="1.029"/>
  <testcase classname="testCases.RegistrationTest" name="RegistrationWithValidCredential" time="1.147"/>
  <testcase classname="testCases.RegistrationTest" name="RegistrationWithValidCredential" time="1.214"/>
  <testcase classname="testCases.RegistrationTest" name="RegistrationWithValidCredential" time="1.12"/>
</testsuite> <!-- Default test -->
