<?xml version="1.0" encoding="UTF-8"?>
<testng-results ignored="0" total="1" passed="1" failed="0" skipped="0">
  <reporter-output>
  </reporter-output>
  <suite started-at="2024-01-23T11:27:32 IST" name="Default suite" finished-at="2024-01-23T11:27:43 IST" duration-ms="10996">
    <groups>
    </groups>
    <test started-at="2024-01-23T11:27:32 IST" name="Default test" finished-at="2024-01-23T11:27:43 IST" duration-ms="10996">
      <class name="testCases.RegistrationTest">
        <test-method is-config="true" signature="setUp()[pri:0, instance:testCases.RegistrationTest@14cd1699]" started-at="2024-01-23T11:27:32 IST" name="setUp" finished-at="2024-01-23T11:27:36 IST" duration-ms="4003" status="PASS">
          <reporter-output>
          </reporter-output>
        </test-method> <!-- setUp -->
        <test-method signature="Registration_NewUsers()[pri:0, instance:testCases.RegistrationTest@14cd1699]" started-at="2024-01-23T11:27:36 IST" name="Registration_NewUsers" finished-at="2024-01-23T11:27:43 IST" duration-ms="6958" status="PASS">
          <reporter-output>
          </reporter-output>
        </test-method> <!-- Registration_NewUsers -->
        <test-method is-config="true" signature="tearDown()[pri:0, instance:testCases.RegistrationTest@14cd1699]" started-at="2024-01-23T11:27:43 IST" name="tearDown" finished-at="2024-01-23T11:27:43 IST" duration-ms="0" status="PASS">
          <reporter-output>
          </reporter-output>
        </test-method> <!-- tearDown -->
      </class> <!-- testCases.RegistrationTest -->
    </test> <!-- Default test -->
  </suite> <!-- Default suite -->
</testng-results>
