<?xml version="1.0" encoding="UTF-8"?>
<testng-results ignored="0" total="1" passed="1" failed="0" skipped="0">
  <reporter-output>
  </reporter-output>
  <suite started-at="2024-01-19T08:50:45 PST" name="Default suite" finished-at="2024-01-19T08:50:57 PST" duration-ms="11673">
    <groups>
    </groups>
    <test started-at="2024-01-19T08:50:45 PST" name="Default test" finished-at="2024-01-19T08:50:57 PST" duration-ms="11673">
      <class name="testCases.LoginTest">
        <test-method is-config="true" signature="setUp()[pri:0, instance:testCases.LoginTest@20140db9]" started-at="2024-01-19T08:50:45 PST" name="setUp" finished-at="2024-01-19T08:50:56 PST" duration-ms="10719" status="PASS">
          <reporter-output>
          </reporter-output>
        </test-method> <!-- setUp -->
        <test-method signature="loginTest()[pri:0, instance:testCases.LoginTest@20140db9]" started-at="2024-01-19T08:50:56 PST" name="loginTest" finished-at="2024-01-19T08:50:57 PST" duration-ms="552" status="PASS">
          <reporter-output>
          </reporter-output>
        </test-method> <!-- loginTest -->
        <test-method is-config="true" signature="tearDown()[pri:0, instance:testCases.LoginTest@20140db9]" started-at="2024-01-19T08:50:57 PST" name="tearDown" finished-at="2024-01-19T08:50:57 PST" duration-ms="334" status="PASS">
          <reporter-output>
          </reporter-output>
        </test-method> <!-- tearDown -->
      </class> <!-- testCases.LoginTest -->
    </test> <!-- Default test -->
  </suite> <!-- Default suite -->
</testng-results>
